[feministcoalition2020.com/index.html]
[backblue.gif]
[fade.gif]
[index.html]
[feministcoalition2020.com/css/reset.css]
[feministcoalition2020.com/css/style.css]
[feministcoalition2020.com/favicon.ico]
[feministcoalition2020.com/img/banner.png]
[feministcoalition2020.com/img/logo.png]
[feministcoalition2020.com/statement-oct-22/index.html]
[feministcoalition2020.com/who-we-are/index.html]
[feministcoalition2020.com/members/index.html]
[feministcoalition2020.com/brand/index.html]
[feministcoalition2020.com/statement-oct-20/index.html]
[feministcoalition2020.com/index.html]
[feministcoalition2020.com/css/reset.css]
[feministcoalition2020.com/css/style.css]
[feministcoalition2020.com/statement-oct-22/index.html]
[feministcoalition2020.com/who-we-are/index.html]
[feministcoalition2020.com/members/index.html]
[feministcoalition2020.com/brand/index.html]
[feministcoalition2020.com/statement-oct-20/index.html]
[feministcoalition2020.com/progress-report-oct-15/index.html]
[feministcoalition2020.com/progress-report-oct-15/states.png]
[feministcoalition2020.com/progress-report-oct-15/breakdown.png]
[feministcoalition2020.com/progress-report-oct-15/index.html]
